e:\gp\students\maya.ashizumi-munn\individual game project\source\framework\debug\vc141.pdb
e:\gp\students\maya.ashizumi-munn\individual game project\source\framework\debug\vc141.idb
e:\gp\students\maya.ashizumi-munn\individual game project\source\framework\debug\wavegamemanager.obj
e:\gp\students\maya.ashizumi-munn\individual game project\source\framework\debug\vector2.obj
e:\gp\students\maya.ashizumi-munn\individual game project\source\framework\debug\texturemanager.obj
e:\gp\students\maya.ashizumi-munn\individual game project\source\framework\debug\texture.obj
e:\gp\students\maya.ashizumi-munn\individual game project\source\framework\debug\tetrion.obj
e:\gp\students\maya.ashizumi-munn\individual game project\source\framework\debug\sprite.obj
e:\gp\students\maya.ashizumi-munn\individual game project\source\framework\debug\soundmanager.obj
e:\gp\students\maya.ashizumi-munn\individual game project\source\framework\debug\main.obj
e:\gp\students\maya.ashizumi-munn\individual game project\source\framework\debug\logmanager.obj
e:\gp\students\maya.ashizumi-munn\individual game project\source\framework\debug\inputhandler.obj
e:\gp\students\maya.ashizumi-munn\individual game project\source\framework\debug\game.obj
e:\gp\students\maya.ashizumi-munn\individual game project\source\framework\debug\entity.obj
e:\gp\students\maya.ashizumi-munn\individual game project\source\framework\debug\cube.obj
e:\gp\students\maya.ashizumi-munn\individual game project\source\framework\debug\backbuffer.obj
e:\gp\students\maya.ashizumi-munn\individual game project\source\debug\cubewave.ilk
e:\gp\students\maya.ashizumi-munn\individual game project\source\debug\cubewave.exe
e:\gp\students\maya.ashizumi-munn\individual game project\source\debug\cubewave.pdb
e:\gp\students\maya.ashizumi-munn\individual game project\source\framework\debug\cubewave.tlog\cl.command.1.tlog
e:\gp\students\maya.ashizumi-munn\individual game project\source\framework\debug\cubewave.tlog\cl.read.1.tlog
e:\gp\students\maya.ashizumi-munn\individual game project\source\framework\debug\cubewave.tlog\cl.write.1.tlog
e:\gp\students\maya.ashizumi-munn\individual game project\source\framework\debug\cubewave.tlog\link.command.1.tlog
e:\gp\students\maya.ashizumi-munn\individual game project\source\framework\debug\cubewave.tlog\link.read.1.tlog
e:\gp\students\maya.ashizumi-munn\individual game project\source\framework\debug\cubewave.tlog\link.write.1.tlog
