e:\gp\students\maya.ashizumi-munn\individual game project\source\framework\release\vc141.pdb
e:\gp\students\maya.ashizumi-munn\individual game project\source\framework\release\wavegamemanager.obj
e:\gp\students\maya.ashizumi-munn\individual game project\source\framework\release\vector2.obj
e:\gp\students\maya.ashizumi-munn\individual game project\source\framework\release\texturemanager.obj
e:\gp\students\maya.ashizumi-munn\individual game project\source\framework\release\texture.obj
e:\gp\students\maya.ashizumi-munn\individual game project\source\framework\release\tetrion.obj
e:\gp\students\maya.ashizumi-munn\individual game project\source\framework\release\sprite.obj
e:\gp\students\maya.ashizumi-munn\individual game project\source\framework\release\soundmanager.obj
e:\gp\students\maya.ashizumi-munn\individual game project\source\framework\release\main.obj
e:\gp\students\maya.ashizumi-munn\individual game project\source\framework\release\logmanager.obj
e:\gp\students\maya.ashizumi-munn\individual game project\source\framework\release\inputhandler.obj
e:\gp\students\maya.ashizumi-munn\individual game project\source\framework\release\game.obj
e:\gp\students\maya.ashizumi-munn\individual game project\source\framework\release\entity.obj
e:\gp\students\maya.ashizumi-munn\individual game project\source\framework\release\cube.obj
e:\gp\students\maya.ashizumi-munn\individual game project\source\framework\release\backbuffer.obj
e:\gp\students\maya.ashizumi-munn\individual game project\source\framework\release\animatedsprite.obj
e:\gp\students\maya.ashizumi-munn\individual game project\source\release\cubewave.ipdb
e:\gp\students\maya.ashizumi-munn\individual game project\source\release\cubewave.iobj
e:\gp\students\maya.ashizumi-munn\individual game project\source\release\cubewave.exe
e:\gp\students\maya.ashizumi-munn\individual game project\source\release\cubewave.pdb
e:\gp\students\maya.ashizumi-munn\individual game project\source\framework\release\cubewave.tlog\cl.command.1.tlog
e:\gp\students\maya.ashizumi-munn\individual game project\source\framework\release\cubewave.tlog\cl.read.1.tlog
e:\gp\students\maya.ashizumi-munn\individual game project\source\framework\release\cubewave.tlog\cl.write.1.tlog
e:\gp\students\maya.ashizumi-munn\individual game project\source\framework\release\cubewave.tlog\cubewave.write.1u.tlog
e:\gp\students\maya.ashizumi-munn\individual game project\source\framework\release\cubewave.tlog\link.command.1.tlog
e:\gp\students\maya.ashizumi-munn\individual game project\source\framework\release\cubewave.tlog\link.read.1.tlog
e:\gp\students\maya.ashizumi-munn\individual game project\source\framework\release\cubewave.tlog\link.write.1.tlog
